E:\DISK\F\WORKS\EMBEDDED_PHONE\MIRRORLINK\SOURCE\APPLE\AIRPLAY\AIRPLAY\MYCRYPT\MYCRYPT_WIN32\DEBUG\MYCRYPT.DLL
E:\disk\F\Works\Embedded_Phone\mirrorLink\source\apple\airplay\AirPlay\MyCrypt\mycrypt_win32\Debug\mycrypt.exp
E:\DISK\F\WORKS\EMBEDDED_PHONE\MIRRORLINK\SOURCE\APPLE\AIRPLAY\AIRPLAY\MYCRYPT\MYCRYPT_WIN32\DEBUG\MYCRYPT.ILK
E:\disk\F\Works\Embedded_Phone\mirrorLink\source\apple\airplay\AirPlay\MyCrypt\mycrypt_win32\Debug\mycrypt.lib
E:\DISK\F\WORKS\EMBEDDED_PHONE\MIRRORLINK\SOURCE\APPLE\AIRPLAY\AIRPLAY\MYCRYPT\MYCRYPT_WIN32\DEBUG\MYCRYPT.PDB
E:\DISK\F\WORKS\EMBEDDED_PHONE\MIRRORLINK\SOURCE\APPLE\AIRPLAY\AIRPLAY\MYCRYPT\MYCRYPT_WIN32\MYCRYPT\DEBUG\ADD_SCALAR.OBJ
E:\DISK\F\WORKS\EMBEDDED_PHONE\MIRRORLINK\SOURCE\APPLE\AIRPLAY\AIRPLAY\MYCRYPT\MYCRYPT_WIN32\MYCRYPT\DEBUG\AES.OBJ
E:\DISK\F\WORKS\EMBEDDED_PHONE\MIRRORLINK\SOURCE\APPLE\AIRPLAY\AIRPLAY\MYCRYPT\MYCRYPT_WIN32\MYCRYPT\DEBUG\BASE64.OBJ
E:\DISK\F\WORKS\EMBEDDED_PHONE\MIRRORLINK\SOURCE\APPLE\AIRPLAY\AIRPLAY\MYCRYPT\MYCRYPT_WIN32\MYCRYPT\DEBUG\BIGINT.OBJ
E:\disk\F\Works\Embedded_Phone\mirrorLink\source\apple\airplay\AirPlay\MyCrypt\mycrypt_win32\mycrypt\Debug\cl.command.1.tlog
E:\disk\F\Works\Embedded_Phone\mirrorLink\source\apple\airplay\AirPlay\MyCrypt\mycrypt_win32\mycrypt\Debug\CL.read.1.tlog
E:\disk\F\Works\Embedded_Phone\mirrorLink\source\apple\airplay\AirPlay\MyCrypt\mycrypt_win32\mycrypt\Debug\CL.write.1.tlog
E:\DISK\F\WORKS\EMBEDDED_PHONE\MIRRORLINK\SOURCE\APPLE\AIRPLAY\AIRPLAY\MYCRYPT\MYCRYPT_WIN32\MYCRYPT\DEBUG\CURVE25519-DONNA.OBJ
E:\DISK\F\WORKS\EMBEDDED_PHONE\MIRRORLINK\SOURCE\APPLE\AIRPLAY\AIRPLAY\MYCRYPT\MYCRYPT_WIN32\MYCRYPT\DEBUG\FE.OBJ
E:\DISK\F\WORKS\EMBEDDED_PHONE\MIRRORLINK\SOURCE\APPLE\AIRPLAY\AIRPLAY\MYCRYPT\MYCRYPT_WIN32\MYCRYPT\DEBUG\GE.OBJ
E:\DISK\F\WORKS\EMBEDDED_PHONE\MIRRORLINK\SOURCE\APPLE\AIRPLAY\AIRPLAY\MYCRYPT\MYCRYPT_WIN32\MYCRYPT\DEBUG\HMAC.OBJ
E:\DISK\F\WORKS\EMBEDDED_PHONE\MIRRORLINK\SOURCE\APPLE\AIRPLAY\AIRPLAY\MYCRYPT\MYCRYPT_WIN32\MYCRYPT\DEBUG\KEY_EXCHANGE.OBJ
E:\DISK\F\WORKS\EMBEDDED_PHONE\MIRRORLINK\SOURCE\APPLE\AIRPLAY\AIRPLAY\MYCRYPT\MYCRYPT_WIN32\MYCRYPT\DEBUG\KEYPAIR.OBJ
E:\disk\F\Works\Embedded_Phone\mirrorLink\source\apple\airplay\AirPlay\MyCrypt\mycrypt_win32\mycrypt\Debug\link.4400.read.1.tlog
E:\disk\F\Works\Embedded_Phone\mirrorLink\source\apple\airplay\AirPlay\MyCrypt\mycrypt_win32\mycrypt\Debug\link.4400.write.1.tlog
E:\disk\F\Works\Embedded_Phone\mirrorLink\source\apple\airplay\AirPlay\MyCrypt\mycrypt_win32\mycrypt\Debug\link.4400-cvtres.read.1.tlog
E:\disk\F\Works\Embedded_Phone\mirrorLink\source\apple\airplay\AirPlay\MyCrypt\mycrypt_win32\mycrypt\Debug\link.4400-cvtres.write.1.tlog
E:\disk\F\Works\Embedded_Phone\mirrorLink\source\apple\airplay\AirPlay\MyCrypt\mycrypt_win32\mycrypt\Debug\link.command.1.tlog
E:\disk\F\Works\Embedded_Phone\mirrorLink\source\apple\airplay\AirPlay\MyCrypt\mycrypt_win32\mycrypt\Debug\link.read.1.tlog
E:\disk\F\Works\Embedded_Phone\mirrorLink\source\apple\airplay\AirPlay\MyCrypt\mycrypt_win32\mycrypt\Debug\link.write.1.tlog
E:\disk\F\Works\Embedded_Phone\mirrorLink\source\apple\airplay\AirPlay\MyCrypt\mycrypt_win32\mycrypt\Debug\link-cvtres.read.1.tlog
E:\disk\F\Works\Embedded_Phone\mirrorLink\source\apple\airplay\AirPlay\MyCrypt\mycrypt_win32\mycrypt\Debug\link-cvtres.write.1.tlog
E:\DISK\F\WORKS\EMBEDDED_PHONE\MIRRORLINK\SOURCE\APPLE\AIRPLAY\AIRPLAY\MYCRYPT\MYCRYPT_WIN32\MYCRYPT\DEBUG\MD5.OBJ
E:\disk\F\Works\Embedded_Phone\mirrorLink\source\apple\airplay\AirPlay\MyCrypt\mycrypt_win32\mycrypt\Debug\mt.command.1.tlog
E:\disk\F\Works\Embedded_Phone\mirrorLink\source\apple\airplay\AirPlay\MyCrypt\mycrypt_win32\mycrypt\Debug\mt.read.1.tlog
E:\disk\F\Works\Embedded_Phone\mirrorLink\source\apple\airplay\AirPlay\MyCrypt\mycrypt_win32\mycrypt\Debug\mt.write.1.tlog
E:\DISK\F\WORKS\EMBEDDED_PHONE\MIRRORLINK\SOURCE\APPLE\AIRPLAY\AIRPLAY\MYCRYPT\MYCRYPT_WIN32\MYCRYPT\DEBUG\MYCRYPT.DLL.EMBED.MANIFEST
E:\DISK\F\WORKS\EMBEDDED_PHONE\MIRRORLINK\SOURCE\APPLE\AIRPLAY\AIRPLAY\MYCRYPT\MYCRYPT_WIN32\MYCRYPT\DEBUG\MYCRYPT.DLL.EMBED.MANIFEST.RES
E:\DISK\F\WORKS\EMBEDDED_PHONE\MIRRORLINK\SOURCE\APPLE\AIRPLAY\AIRPLAY\MYCRYPT\MYCRYPT_WIN32\MYCRYPT\DEBUG\MYCRYPT.DLL.INTERMEDIATE.MANIFEST
E:\disk\F\Works\Embedded_Phone\mirrorLink\source\apple\airplay\AirPlay\MyCrypt\mycrypt_win32\mycrypt\Debug\mycrypt.write.1.tlog
E:\disk\F\Works\Embedded_Phone\mirrorLink\source\apple\airplay\AirPlay\MyCrypt\mycrypt_win32\mycrypt\Debug\mycrypt_manifest.rc
E:\DISK\F\WORKS\EMBEDDED_PHONE\MIRRORLINK\SOURCE\APPLE\AIRPLAY\AIRPLAY\MYCRYPT\MYCRYPT_WIN32\MYCRYPT\DEBUG\NEW_AES.OBJ
E:\disk\F\Works\Embedded_Phone\mirrorLink\source\apple\airplay\AirPlay\MyCrypt\mycrypt_win32\mycrypt\Debug\rc.command.1.tlog
E:\disk\F\Works\Embedded_Phone\mirrorLink\source\apple\airplay\AirPlay\MyCrypt\mycrypt_win32\mycrypt\Debug\rc.read.1.tlog
E:\disk\F\Works\Embedded_Phone\mirrorLink\source\apple\airplay\AirPlay\MyCrypt\mycrypt_win32\mycrypt\Debug\rc.write.1.tlog
E:\DISK\F\WORKS\EMBEDDED_PHONE\MIRRORLINK\SOURCE\APPLE\AIRPLAY\AIRPLAY\MYCRYPT\MYCRYPT_WIN32\MYCRYPT\DEBUG\RC4.OBJ
E:\DISK\F\WORKS\EMBEDDED_PHONE\MIRRORLINK\SOURCE\APPLE\AIRPLAY\AIRPLAY\MYCRYPT\MYCRYPT_WIN32\MYCRYPT\DEBUG\RSAKEY.OBJ
E:\DISK\F\WORKS\EMBEDDED_PHONE\MIRRORLINK\SOURCE\APPLE\AIRPLAY\AIRPLAY\MYCRYPT\MYCRYPT_WIN32\MYCRYPT\DEBUG\RSAPEM.OBJ
E:\DISK\F\WORKS\EMBEDDED_PHONE\MIRRORLINK\SOURCE\APPLE\AIRPLAY\AIRPLAY\MYCRYPT\MYCRYPT_WIN32\MYCRYPT\DEBUG\SC.OBJ
E:\DISK\F\WORKS\EMBEDDED_PHONE\MIRRORLINK\SOURCE\APPLE\AIRPLAY\AIRPLAY\MYCRYPT\MYCRYPT_WIN32\MYCRYPT\DEBUG\SEED.OBJ
E:\DISK\F\WORKS\EMBEDDED_PHONE\MIRRORLINK\SOURCE\APPLE\AIRPLAY\AIRPLAY\MYCRYPT\MYCRYPT_WIN32\MYCRYPT\DEBUG\SHA1.OBJ
E:\DISK\F\WORKS\EMBEDDED_PHONE\MIRRORLINK\SOURCE\APPLE\AIRPLAY\AIRPLAY\MYCRYPT\MYCRYPT_WIN32\MYCRYPT\DEBUG\SHA512.OBJ
E:\DISK\F\WORKS\EMBEDDED_PHONE\MIRRORLINK\SOURCE\APPLE\AIRPLAY\AIRPLAY\MYCRYPT\MYCRYPT_WIN32\MYCRYPT\DEBUG\SIGN.OBJ
E:\disk\F\Works\Embedded_Phone\mirrorLink\source\apple\airplay\AirPlay\MyCrypt\mycrypt_win32\mycrypt\Debug\vc100.idb
E:\DISK\F\WORKS\EMBEDDED_PHONE\MIRRORLINK\SOURCE\APPLE\AIRPLAY\AIRPLAY\MYCRYPT\MYCRYPT_WIN32\MYCRYPT\DEBUG\VC100.PDB
E:\DISK\F\WORKS\EMBEDDED_PHONE\MIRRORLINK\SOURCE\APPLE\AIRPLAY\AIRPLAY\MYCRYPT\MYCRYPT_WIN32\MYCRYPT\DEBUG\VERIFY.OBJ
